#
# A fatal error has been detected by the Java Runtime Environment:
#
#  SIGBUS (0x7) at pc=0x6a951fd0, pid=5066, tid=1669839680
#
# JRE version: 6.0_24-b24
# Java VM: OpenJDK Server VM (20.0-b12 mixed mode linux-x86 )
# Derivative: IcedTea6 1.11.3
# Distribution: Ubuntu 12.04 LTS, package 6b24-1.11.3-1ubuntu0.12.04.1
# Problematic frame:
# 
[error occurred during error reporting (printing problematic frame), id 0x7]

# If you would like to submit a bug report, please include
# instructions how to reproduce the bug and visit:
#   https://bugs.launchpad.net/ubuntu/+source/openjdk-6/
# The crash happened outside the Java Virtual Machine in native code.
# See problematic frame for where to report the bug.
#

---------------  T H R E A D  ---------------

Current thread (0x68f72000):  JavaThread "LWJGL Application" [_thread_in_native, id=5094, stack(0x6382b000,0x6387c000)]

siginfo:si_signo=SIGBUS: si_errno=0, si_code=2 (BUS_ADRERR), si_addr=0x6a951fd0

Registers:
EAX=0x6a951fd0, EBX=0x6bba8f10, ECX=0x68f72120, EDX=0x6bba9d50
ESP=0x6387ae3c, EBP=0x6387ae74, ESI=0x6bba8f10, EDI=0x68f72000
EIP=0x6a951fd0, EFLAGS=0x00210203, CR2=0x6a951fd0

Top of Stack: (sp=0x6387ae3c)
0x6387ae3c:   b35d764a 68f72120 6387ae7c 6387ae88
0x6387ae4c:   6387ae84 73575530 6387ae54 00000000
0x6387ae5c:   6387ae88 6bba9d50 00000000 6bba8f10
0x6387ae6c:   00000000 6387ae84 6387aeac b35cfee1
0x6387ae7c:   6bba9cf0 b35d54b9 7358f088 7358f138
0x6387ae8c:   6387ae8c 6bbd7718 6387aeb4 6bbd9968
0x6387ae9c:   6bc71238 6bbd7760 6387ae84 6387aeb4
0x6387aeac:   6387aed8 b35cfee1 735753e8 6387aeb8 

Instructions: (pc=0x6a951fd0)
0x6a951fb0:   
[error occurred during error reporting (printing registers, top of stack, instructions near pc), id 0x7]

Register to memory mapping:

EAX=
[error occurred during error reporting (printing register info), id 0x7]

Stack: [0x6382b000,0x6387c000],  sp=0x6387ae3c,  free space=319k
Native frames: (J=compiled Java code, j=interpreted, Vv=VM code, C=native code)

[error occurred during error reporting (printing native stack), id 0x7]

Java frames: (J=compiled Java code, j=interpreted, Vv=VM code)
j  com.badlogic.gdx.math.Matrix4.mul([F[F)V+0
j  com.badlogic.gdx.graphics.OrthographicCamera.update()V+128
j  com.badlogic.gdx.graphics.OrthographicCamera.setToOrtho(ZFF)V+53
J  com.me.snakevolution.SoloScreen.render(F)V
j  com.badlogic.gdx.Game.render()V+19
j  com.badlogic.gdx.backends.lwjgl.LwjglApplication.mainLoop()V+469
j  com.badlogic.gdx.backends.lwjgl.LwjglApplication$1.run()V+27
v  ~StubRoutines::call_stub

---------------  P R O C E S S  ---------------

Java Threads: ( => current thread )
  0xb6605800 JavaThread "DestroyJavaVM" [_thread_blocked, id=5071, stack(0xb6750000,0xb67a1000)]
=>0x68f72000 JavaThread "LWJGL Application" [_thread_in_native, id=5094, stack(0x6382b000,0x6387c000)]
  0x68f40000 JavaThread "AWT-XAWT" daemon [_thread_in_native, id=5089, stack(0x690a1000,0x690f2000)]
  0x698ce800 JavaThread "Java2D Disposer" daemon [_thread_blocked, id=5088, stack(0x6a32e000,0x6a37f000)]
  0x6980e400 JavaThread "Low Memory Detector" daemon [_thread_blocked, id=5086, stack(0x6ab2e000,0x6ab7f000)]
  0x6980c800 JavaThread "C2 CompilerThread1" daemon [_thread_blocked, id=5085, stack(0x6967f000,0x69700000)]
  0x6980a800 JavaThread "C2 CompilerThread0" daemon [_thread_blocked, id=5084, stack(0x6992e000,0x699af000)]
  0x69808400 JavaThread "Signal Dispatcher" daemon [_thread_blocked, id=5083, stack(0x699af000,0x69a00000)]
  0xb66f8800 JavaThread "Finalizer" daemon [_thread_blocked, id=5082, stack(0x6ae2e000,0x6ae7f000)]
  0xb66f7000 JavaThread "Reference Handler" daemon [_thread_blocked, id=5081, stack(0x69f6b000,0x69fbc000)]

Other Threads:
  0xb66f3000 VMThread [stack: 0x69fbc000,0x6a03d000] [id=5080]
  0x69810400 WatcherThread [stack: 0x6937f000,0x69400000] [id=5087]

VM state:not at safepoint (normal execution)

VM Mutex/Monitor currently owned by a thread: None

Heap
 PSYoungGen      total 17024K, used 15016K [0x9dfb0000, 0x9f2a0000, 0xb3500000)
  eden space 15040K, 99% used [0x9dfb0000,0x9ee4e128,0x9ee60000)
  from space 1984K, 2% used [0x9f0b0000,0x9f0bc000,0x9f2a0000)
  to   space 2176K, 0% used [0x9ee60000,0x9ee60000,0x9f080000)
 PSOldGen        total 43712K, used 1432K [0x73500000, 0x75fb0000, 0x9dfb0000)
  object space 43712K, 3% used [0x73500000,0x736663d8,0x75fb0000)
 PSPermGen       total 16384K, used 7644K [0x6b500000, 0x6c500000, 0x73500000)
  object space 16384K, 46% used [0x6b500000,0x6bc77338,0x6c500000)

Code Cache  [0xb35cd000, 0xb380d000, 0xb65cd000)
 total_blobs=516 nmethods=248 adapters=223 free_code_cache=49150464 largest_free_block=58560

Dynamic libraries:
08048000-08051000 r-xp 00000000 08:05 1590652    /usr/lib/jvm/java-6-openjdk-i386/jre/bin/java
08051000-08052000 r--p 00008000 08:05 1590652    /usr/lib/jvm/java-6-openjdk-i386/jre/bin/java
08052000-08053000 rw-p 00009000 08:05 1590652    /usr/lib/jvm/java-6-openjdk-i386/jre/bin/java
09991000-09a0b000 rw-p 00000000 00:00 0          [heap]
5c400000-5c4ff000 rw-p 00000000 00:00 0 
5c4ff000-5c500000 ---p 00000000 00:00 0 
5c700000-5c7f9000 rw-p 00000000 00:00 0 
5c7f9000-5c800000 ---p 00000000 00:00 0 
5c800000-5c8ea000 rw-p 00000000 00:00 0 
5c8ea000-5c900000 ---p 00000000 00:00 0 
5cf00000-5cffc000 rw-p 00000000 00:00 0 
5cffc000-5d000000 ---p 00000000 00:00 0 
5d100000-5d1ff000 rw-p 00000000 00:00 0 
5d1ff000-5d200000 ---p 00000000 00:00 0 
5d200000-5d2f0000 rw-p 00000000 00:00 0 
5d2f0000-5d300000 ---p 00000000 00:00 0 
5d300000-5d3f0000 rw-p 00000000 00:00 0 
5d3f0000-5d400000 ---p 00000000 00:00 0 
5d400000-5d4fa000 rw-p 00000000 00:00 0 
5d4fa000-5d500000 ---p 00000000 00:00 0 
5d500000-5d5fb000 rw-p 00000000 00:00 0 
5d5fb000-5d600000 ---p 00000000 00:00 0 
5d600000-5d700000 rw-p 00000000 00:00 0 
5d700000-5d7e9000 rw-p 00000000 00:00 0 
5d7e9000-5d800000 ---p 00000000 00:00 0 
5d800000-5d8ef000 rw-p 00000000 00:00 0 
5d8ef000-5d900000 ---p 00000000 00:00 0 
5d900000-5daf9000 rw-p 00000000 00:00 0 
5daf9000-5db00000 ---p 00000000 00:00 0 
5db00000-5dbfb000 rw-p 00000000 00:00 0 
5dbfb000-5dc00000 ---p 00000000 00:00 0 
5dc00000-5de00000 rw-p 00000000 00:00 0 
5de00000-5deda000 rw-p 00000000 00:00 0 
5deda000-5df00000 ---p 00000000 00:00 0 
5df00000-5e100000 rw-p 00000000 00:00 0 
5e100000-5e300000 rw-p 00000000 00:00 0 
5e300000-5e500000 rw-p 00000000 00:00 0 
5e500000-5e5f9000 rw-p 00000000 00:00 0 
5e5f9000-5e600000 ---p 00000000 00:00 0 
5e700000-5e7f8000 rw-p 00000000 00:00 0 
5e7f8000-5e800000 ---p 00000000 00:00 0 
5e800000-5e8f8000 rw-p 00000000 00:00 0 
5e8f8000-5e900000 ---p 00000000 00:00 0 
5e900000-5eae9000 rw-p 00000000 00:00 0 
5eae9000-5eb00000 ---p 00000000 00:00 0 
5eb00000-5ebec000 rw-p 00000000 00:00 0 
5ebec000-5ec00000 ---p 00000000 00:00 0 
5ec00000-5ecf5000 rw-p 00000000 00:00 0 
5ecf5000-5ed00000 ---p 00000000 00:00 0 
5ed00000-5edf6000 rw-p 00000000 00:00 0 
5edf6000-5ee00000 ---p 00000000 00:00 0 
5ee00000-5eef5000 rw-p 00000000 00:00 0 
5eef5000-5ef00000 ---p 00000000 00:00 0 
5ef00000-5f000000 rw-p 00000000 00:00 0 
5f100000-5f1ac000 rw-p 00000000 00:00 0 
5f1ac000-5f200000 ---p 00000000 00:00 0 
5f200000-5f2f9000 rw-p 00000000 00:00 0 
5f2f9000-5f300000 ---p 00000000 00:00 0 
5f300000-5f3f1000 rw-p 00000000 00:00 0 
5f3f1000-5f400000 ---p 00000000 00:00 0 
5f400000-5f4f5000 rw-p 00000000 00:00 0 
5f4f5000-5f500000 ---p 00000000 00:00 0 
5f500000-5f5fb000 rw-p 00000000 00:00 0 
5f5fb000-5f600000 ---p 00000000 00:00 0 
5f6fd000-5fafe000 rw-p 00000000 00:00 0 
5fb00000-5fbb1000 rw-p 00000000 00:00 0 
5fbb1000-5fc00000 ---p 00000000 00:00 0 
5fcff000-5fdff000 rw-s 0c6fa000 00:05 1520       /dev/nvidia0
5fdff000-5ff00000 rw-p 00000000 00:00 0 
5ff00000-60000000 rw-p 00000000 00:00 0 
6009f000-60217000 rw-p 00000000 00:00 0 
6028f000-6038f000 rw-s 0f247000 00:05 1520       /dev/nvidia0
6038f000-60507000 rw-p 00000000 00:00 0 
6057f000-6067f000 rw-s 0de1b000 00:05 1520       /dev/nvidia0
6067f000-60700000 rw-p 00000000 00:00 0 
60700000-607fb000 rw-p 00000000 00:00 0 
607fb000-60800000 ---p 00000000 00:00 0 
60800000-608f3000 rw-p 00000000 00:00 0 
608f3000-60900000 ---p 00000000 00:00 0 
60900000-60b00000 rw-p 00000000 00:00 0 
60b00000-60d00000 rw-p 00000000 00:00 0 
60d00000-60f00000 rw-p 00000000 00:00 0 
60f00000-61100000 rw-s 0c61d000 00:05 1520       /dev/nvidia0
61100000-61200000 rw-p 00000000 00:00 0 
6125c000-6145c000 rw-s 0c6c5000 00:05 1520       /dev/nvidia0
6145c000-6165c000 rw-s 0d053000 00:05 1520       /dev/nvidia0
6165c000-6175c000 rw-s 0ddcc000 00:05 1520       /dev/nvidia0
6175c000-6177c000 rw-s e8080000 00:05 1520       /dev/nvidia0
6177c000-6177d000 rw-s efee6000 00:05 1520       /dev/nvidia0
6177d000-617bd000 rw-s 0f3b4000 00:05 1520       /dev/nvidia0
617bd000-617dd000 rw-s 0f85c000 00:05 1520       /dev/nvidia0
617dd000-6181d000 rw-s 0d003000 00:05 1520       /dev/nvidia0
6181d000-61a37000 rw-p 00000000 00:00 0 
61a5f000-61ab5000 rw-p 00000000 00:00 0 
61ab5000-6368c000 r-xp 00000000 08:05 1712683    /usr/lib/nvidia-current-updates/libnvidia-glcore.so.295.49
6368c000-636ef000 rwxp 01bd6000 08:05 1712683    /usr/lib/nvidia-current-updates/libnvidia-glcore.so.295.49
636ef000-63702000 rwxp 00000000 00:00 0 
63702000-637ac000 r-xp 00000000 08:05 1712689    /usr/lib/nvidia-current-updates/libGL.so.295.49
637ac000-637cb000 rwxp 000aa000 08:05 1712689    /usr/lib/nvidia-current-updates/libGL.so.295.49
637cb000-637da000 rwxp 00000000 00:00 0 
637da000-637dd000 ---p 00000000 00:00 0 
637dd000-6382b000 rw-p 00000000 00:00 0 
6382b000-6382e000 ---p 00000000 00:00 0 
6382e000-6387c000 rw-p 00000000 00:00 0 
6387c000-6387d000 ---p 00000000 00:00 0 
6387d000-6407d000 rw-p 00000000 00:00 0 
6407d000-6807e000 rw-s 00000000 00:12 24808      /run/shm/pulse-shm-543996854
6807e000-6807f000 ---p 00000000 00:00 0 
6807f000-6887f000 rw-p 00000000 00:00 0 
6887f000-689e5000 r-xp 00000000 08:05 1578036    /usr/lib/i386-linux-gnu/libvorbisenc.so.2.0.8
689e5000-689f6000 r--p 00165000 08:05 1578036    /usr/lib/i386-linux-gnu/libvorbisenc.so.2.0.8
689f6000-689f7000 rw-p 00176000 08:05 1578036    /usr/lib/i386-linux-gnu/libvorbisenc.so.2.0.8
689f7000-68a43000 r-xp 00000000 08:05 1578125    /usr/lib/i386-linux-gnu/libFLAC.so.8.2.0
68a43000-68a44000 r--p 0004b000 08:05 1578125    /usr/lib/i386-linux-gnu/libFLAC.so.8.2.0
68a44000-68a45000 rw-p 0004c000 08:05 1578125    /usr/lib/i386-linux-gnu/libFLAC.so.8.2.0
68a45000-68ab1000 r-xp 00000000 08:05 1578762    /usr/lib/i386-linux-gnu/libsndfile.so.1.0.25
68ab1000-68ab2000 r--p 0006c000 08:05 1578762    /usr/lib/i386-linux-gnu/libsndfile.so.1.0.25
68ab2000-68ab3000 rw-p 0006d000 08:05 1578762    /usr/lib/i386-linux-gnu/libsndfile.so.1.0.25
68ab3000-68ab7000 rw-p 00000000 00:00 0 
68ab7000-68afe000 r-xp 00000000 08:05 393299     /lib/i386-linux-gnu/libdbus-1.so.3.5.8
68afe000-68aff000 r--p 00046000 08:05 393299     /lib/i386-linux-gnu/libdbus-1.so.3.5.8
68aff000-68b00000 rw-p 00047000 08:05 393299     /lib/i386-linux-gnu/libdbus-1.so.3.5.8
68b00000-68bfb000 rw-p 00000000 00:00 0 
68bfb000-68c00000 ---p 00000000 00:00 0 
68c06000-68c69000 r-xp 00000000 08:05 1577714    /usr/lib/i386-linux-gnu/libpulsecommon-1.1.so
68c69000-68c6a000 r--p 00062000 08:05 1577714    /usr/lib/i386-linux-gnu/libpulsecommon-1.1.so
68c6a000-68c6b000 rw-p 00063000 08:05 1577714    /usr/lib/i386-linux-gnu/libpulsecommon-1.1.so
68c6b000-68cb7000 r-xp 00000000 08:05 1577712    /usr/lib/i386-linux-gnu/libpulse.so.0.13.5
68cb7000-68cb8000 r--p 0004b000 08:05 1577712    /usr/lib/i386-linux-gnu/libpulse.so.0.13.5
68cb8000-68cb9000 rw-p 0004c000 08:05 1577712    /usr/lib/i386-linux-gnu/libpulse.so.0.13.5
68cb9000-68cfe000 r-xp 00000000 08:05 525050     /tmp/libgdxboris/553733341/libopenal.so
68cfe000-68cff000 r--p 00045000 08:05 525050     /tmp/libgdxboris/553733341/libopenal.so
68cff000-68d00000 rw-p 00046000 08:05 525050     /tmp/libgdxboris/553733341/libopenal.so
68d00000-68e00000 rw-p 00000000 00:00 0 
68e00000-68efe000 rw-p 00000000 00:00 0 
68efe000-68f00000 ---p 00000000 00:00 0 
68f00000-68fa4000 rw-p 00000000 00:00 0 
68fa4000-69000000 ---p 00000000 00:00 0 
6900f000-6902c000 rw-s 2c946000 00:05 1520       /dev/nvidia0
6902c000-6903f000 r-xp 00000000 08:05 397471     /lib/i386-linux-gnu/libresolv-2.15.so
6903f000-69040000 ---p 00013000 08:05 397471     /lib/i386-linux-gnu/libresolv-2.15.so
69040000-69041000 r--p 00013000 08:05 397471     /lib/i386-linux-gnu/libresolv-2.15.so
69041000-69042000 rw-p 00014000 08:05 397471     /lib/i386-linux-gnu/libresolv-2.15.so
69042000-69044000 rw-p 00000000 00:00 0 
69044000-6909e000 r-xp 00000000 08:05 525064     /tmp/libgdxboris/553733341/liblwjgl.so
6909e000-6909f000 ---p 0005a000 08:05 525064     /tmp/libgdxboris/553733341/liblwjgl.so
6909f000-690a0000 r--p 0005a000 08:05 525064     /tmp/libgdxboris/553733341/liblwjgl.so
690a0000-690a1000 rw-p 0005b000 08:05 525064     /tmp/libgdxboris/553733341/liblwjgl.so
690a1000-690a4000 ---p 00000000 00:00 0 
690a4000-690f2000 rw-p 00000000 00:00 0 
690f2000-69187000 r-xp 00000000 08:05 1572877    /usr/lib/i386-linux-gnu/libfreetype.so.6.8.0
69187000-6918b000 r--p 00094000 08:05 1572877    /usr/lib/i386-linux-gnu/libfreetype.so.6.8.0
6918b000-6918c000 rw-p 00098000 08:05 1572877    /usr/lib/i386-linux-gnu/libfreetype.so.6.8.0
6918c000-692bc000 r-xp 00000000 08:05 1575073    /usr/lib/i386-linux-gnu/libX11.so.6.3.0
692bc000-692bd000 r--p 0012f000 08:05 1575073    /usr/lib/i386-linux-gnu/libX11.so.6.3.0
692bd000-692bf000 rw-p 00130000 08:05 1575073    /usr/lib/i386-linux-gnu/libX11.so.6.3.0
692bf000-692c0000 rw-p 00000000 00:00 0 
692c0000-69353000 r-xp 00000000 08:05 1591170    /usr/lib/jvm/java-6-openjdk-i386/jre/lib/i386/libawt.so
69353000-69354000 r--p 00092000 08:05 1591170    /usr/lib/jvm/java-6-openjdk-i386/jre/lib/i386/libawt.so
69354000-6935b000 rw-p 00093000 08:05 1591170    /usr/lib/jvm/java-6-openjdk-i386/jre/lib/i386/libawt.so
6935b000-6937f000 rw-p 00000000 00:00 0 
6937f000-69380000 ---p 00000000 00:00 0 
69380000-69400000 rw-p 00000000 00:00 0 
69400000-694f9000 rw-p 00000000 00:00 0 
694f9000-69500000 ---p 00000000 00:00 0 
69500000-695f9000 rw-p 00000000 00:00 0 
695f9000-69600000 ---p 00000000 00:00 0 
69616000-6963f000 r-xp 00000000 08:05 1578760    /usr/lib/i386-linux-gnu/libvorbis.so.0.4.5
6963f000-69640000 r--p 00028000 08:05 1578760    /usr/lib/i386-linux-gnu/libvorbis.so.0.4.5
69640000-69641000 rw-p 00029000 08:05 1578760    /usr/lib/i386-linux-gnu/libvorbis.so.0.4.5
69641000-69642000 r--s 00000000 08:05 137162     /var/cache/fontconfig/c05880de57d1f5e948fdfacc138775d9-le32d4.cache-3
69642000-69648000 r--s 00000000 08:05 134666     /var/cache/fontconfig/945677eb7aeaf62f1d50efc3fb3ec7d8-le32d4.cache-3
69648000-6964b000 r--s 00000000 08:05 137156     /var/cache/fontconfig/99e8ed0e538f840c565b6ed5dad60d56-le32d4.cache-3
6964d000-69653000 r-xp 00000000 08:05 1578286    /usr/lib/i386-linux-gnu/libogg.so.0.7.1
69653000-69654000 r--p 00005000 08:05 1578286    /usr/lib/i386-linux-gnu/libogg.so.0.7.1
69654000-69655000 rw-p 00006000 08:05 1578286    /usr/lib/i386-linux-gnu/libogg.so.0.7.1
69655000-6965a000 r-xp 00000000 08:05 1578120    /usr/lib/i386-linux-gnu/libasyncns.so.0.3.1
6965a000-6965b000 r--p 00004000 08:05 1578120    /usr/lib/i386-linux-gnu/libasyncns.so.0.3.1
6965b000-6965c000 rw-p 00005000 08:05 1578120    /usr/lib/i386-linux-gnu/libasyncns.so.0.3.1
6965c000-69664000 r-xp 00000000 08:05 394230     /lib/i386-linux-gnu/libwrap.so.0.7.6
69664000-69665000 r--p 00007000 08:05 394230     /lib/i386-linux-gnu/libwrap.so.0.7.6
69665000-69666000 rw-p 00008000 08:05 394230     /lib/i386-linux-gnu/libwrap.so.0.7.6
69666000-69668000 rw-p 00000000 00:00 0 
69668000-6966a000 rw-s 00000000 08:05 525247     /tmp/glr9eLas (deleted)
6966a000-6966c000 r-xs 00000000 08:05 525247     /tmp/glr9eLas (deleted)
6966c000-69670000 rw-s 0f4ff000 00:05 1520       /dev/nvidia0
69670000-69671000 rw-s 36b95000 00:05 1520       /dev/nvidia0
69671000-69675000 rw-s 0cd7e000 00:05 1520       /dev/nvidia0
69675000-69676000 rw-s efee5000 00:05 1520       /dev/nvidia0
69676000-69677000 rw-s f8641000 00:05 1520       /dev/nvidia0
69677000-69678000 rw-s 0cd57000 00:05 1520       /dev/nvidia0
69678000-6967f000 r--s 00000000 08:05 1593383    /usr/lib/i386-linux-gnu/gconv/gconv-modules.cache
6967f000-69682000 ---p 00000000 00:00 0 
69682000-69700000 rw-p 00000000 00:00 0 
69700000-69721000 rw-p 00000000 00:00 0 
69721000-69800000 ---p 00000000 00:00 0 
69800000-69900000 rw-p 00000000 00:00 0 
69900000-69906000 r--s 00000000 08:05 137153     /var/cache/fontconfig/a6d8cf8e4ec09cdbc8633c31745a07dd-le32d4.cache-3
69906000-69909000 r--s 00000000 08:05 137152     /var/cache/fontconfig/2cd17615ca594fa2959ae173292e504c-le32d4.cache-3
69909000-6990a000 r--s 00000000 08:05 137149     /var/cache/fontconfig/e7071f4a29fa870f4323321c154eba04-le32d4.cache-3
6990a000-6990b000 r--s 00000000 08:05 137148     /var/cache/fontconfig/0d8c3b2ac0904cb8a57a757ad11a4a08-le32d4.cache-3
6990b000-6990f000 r--s 00000000 08:05 137147     /var/cache/fontconfig/a755afe4a08bf5b97852ceb7400b47bc-le32d4.cache-3
6990f000-69916000 r--s 00000000 08:05 137146     /var/cache/fontconfig/6d41288fd70b0be22e8c3a91e032eec0-le32d4.cache-3
69916000-69921000 r--s 00000000 08:05 137131     /var/cache/fontconfig/04aabc0a78ac019cf9454389977116d2-le32d4.cache-3
69921000-69922000 r--s 00000000 08:05 137130     /var/cache/fontconfig/b95bc8ffbebda2bbdae4265e45b8178d-le32d4.cache-3
69922000-69925000 r--s 00000000 08:05 137129     /var/cache/fontconfig/385c0604a188198f04d133e54aba7fe7-le32d4.cache-3
69925000-69926000 r--s 00000000 08:05 137128     /var/cache/fontconfig/9c956a7723ca69a44b382d9179c9802f-le32d4.cache-3
69926000-69927000 r--s 00000000 08:05 137119     /var/cache/fontconfig/5d1cca7074f29429a8d18692746c2426-le32d4.cache-3
69927000-69928000 r--s 00000000 08:05 137117     /var/cache/fontconfig/4794a0821666d79190d59a36cb4f44b5-le32d4.cache-3
69928000-69929000 r--s 00000000 08:05 137116     /var/cache/fontconfig/9eae20f1ff8cc0a7d125749e875856bd-le32d4.cache-3
69929000-6992b000 r--s 00000000 08:05 137115     /var/cache/fontconfig/bf2c1853a9e9b00bb02fe2e9bcf1e201-le32d4.cache-3
6992b000-6992e000 r--s 00000000 08:05 137114     /var/cache/fontconfig/8801497958630a81b71ace7c5f9b32a8-le32d4.cache-3
6992e000-69931000 ---p 00000000 00:00 0 
69931000-699af000 rw-p 00000000 00:00 0 
699af000-699b2000 ---p 00000000 00:00 0 
699b2000-69a00000 rw-p 00000000 00:00 0 
69a00000-69c00000 r--p 00000000 08:05 1572991    /usr/lib/locale/locale-archive
69c00000-69c21000 rw-p 00000000 00:00 0 
69c21000-69d00000 ---p 00000000 00:00 0 
69d00000-69d21000 rw-p 00000000 00:00 0 
69d21000-69e00000 ---p 00000000 00:00 0 
69e00000-69eff000 rw-p 00000000 00:00 0 
69eff000-69f00000 ---p 00000000 00:00 0 
69f00000-69f01000 rw-s 0ecb2000 00:05 1520       /dev/nvidia0
69f01000-69f23000 r--s 00000000 08:05 137110     /var/cache/fontconfig/365b55f210c0a22e9a19e35191240f32-le32d4.cache-3
69f23000-69f27000 r--s 00000000 08:05 137109     /var/cache/fontconfig/3047814df9a2f067bd2d96a2b9c36e5a-le32d4.cache-3
69f27000-69f28000 r--s 00000000 08:05 137107     /var/cache/fontconfig/56cf4f4769d0f4abc89a4895d7bd3ae1-le32d4.cache-3
69f28000-69f2e000 r--s 00000000 08:05 134666     /var/cache/fontconfig/945677eb7aeaf62f1d50efc3fb3ec7d8-le32d4.cache-3
69f2e000-69f31000 r--s 00000000 08:05 137156     /var/cache/fontconfig/99e8ed0e538f840c565b6ed5dad60d56-le32d4.cache-3
69f31000-69f37000 r--s 00000000 08:05 137153     /var/cache/fontconfig/a6d8cf8e4ec09cdbc8633c31745a07dd-le32d4.cache-3
69f37000-69f3e000 r--s 00000000 08:05 137146     /var/cache/fontconfig/6d41288fd70b0be22e8c3a91e032eec0-le32d4.cache-3
69f3e000-69f49000 r--s 00000000 08:05 137131     /var/cache/fontconfig/04aabc0a78ac019cf9454389977116d2-le32d4.cache-3
69f49000-69f6b000 r--s 00000000 08:05 137110     /var/cache/fontconfig/365b55f210c0a22e9a19e35191240f32-le32d4.cache-3
69f6b000-69f6e000 ---p 00000000 00:00 0 
69f6e000-69fbc000 rw-p 00000000 00:00 0 
69fbc000-69fbd000 ---p 00000000 00:00 0 
69fbd000-6a070000 rw-p 00000000 00:00 0 
6a070000-6a200000 r--s 037bc000 08:05 1591106    /usr/lib/jvm/java-6-openjdk-i386/jre/lib/rt.jar
6a200000-6a221000 rw-p 00000000 00:00 0 
6a221000-6a300000 ---p 00000000 00:00 0 
6a300000-6a304000 r--s 00000000 08:05 137103     /var/cache/fontconfig/b47c4e1ecd0709278f4910c18777a504-le32d4.cache-3
6a304000-6a308000 r-xp 00000000 08:05 1576959    /usr/lib/i386-linux-gnu/libXfixes.so.3.1.0
6a308000-6a309000 r--p 00004000 08:05 1576959    /usr/lib/i386-linux-gnu/libXfixes.so.3.1.0
6a309000-6a30a000 rw-p 00005000 08:05 1576959    /usr/lib/i386-linux-gnu/libXfixes.so.3.1.0
6a30a000-6a313000 r-xp 00000000 08:05 1578090    /usr/lib/i386-linux-gnu/libXcursor.so.1.0.2
6a313000-6a314000 r--p 00008000 08:05 1578090    /usr/lib/i386-linux-gnu/libXcursor.so.1.0.2
6a314000-6a315000 rw-p 00009000 08:05 1578090    /usr/lib/i386-linux-gnu/libXcursor.so.1.0.2
6a315000-6a316000 rw-s f8060000 00:05 1520       /dev/nvidia0
6a316000-6a319000 r-xp 00000000 08:05 1712688    /usr/lib/nvidia-current-updates/tls/libnvidia-tls.so.295.49
6a319000-6a31a000 rw-p 00002000 08:05 1712688    /usr/lib/nvidia-current-updates/tls/libnvidia-tls.so.295.49
6a31a000-6a320000 r-xp 00000000 08:05 1578243    /usr/lib/i386-linux-gnu/libjson.so.0.0.1
6a320000-6a321000 r--p 00005000 08:05 1578243    /usr/lib/i386-linux-gnu/libjson.so.0.0.1
6a321000-6a322000 rw-p 00006000 08:05 1578243    /usr/lib/i386-linux-gnu/libjson.so.0.0.1
6a322000-6a329000 r-xp 00000000 08:05 1578106    /usr/lib/i386-linux-gnu/libXrandr.so.2.2.0
6a329000-6a32a000 r--p 00006000 08:05 1578106    /usr/lib/i386-linux-gnu/libXrandr.so.2.2.0
6a32a000-6a32b000 rw-p 00007000 08:05 1578106    /usr/lib/i386-linux-gnu/libXrandr.so.2.2.0
6a32b000-6a32c000 r-xp 00000000 08:05 1591166    /usr/lib/jvm/java-6-openjdk-i386/jre/lib/i386/libjawt.so
6a32c000-6a32d000 r--p 00000000 08:05 1591166    /usr/lib/jvm/java-6-openjdk-i386/jre/lib/i386/libjawt.so
6a32d000-6a32e000 rw-p 00001000 08:05 1591166    /usr/lib/jvm/java-6-openjdk-i386/jre/lib/i386/libjawt.so
6a32e000-6a331000 ---p 00000000 00:00 0 
6a331000-6a37f000 rw-p 00000000 00:00 0 
6a37f000-6a380000 ---p 00000000 00:00 0 
6a380000-6a400000 rw-p 00000000 00:00 0 
6a400000-6a421000 rw-p 00000000 00:00 0 
6a421000-6a500000 ---p 00000000 00:00 0 
6a500000-6a501000 r--s 00000000 08:05 137162     /var/cache/fontconfig/c05880de57d1f5e948fdfacc138775d9-le32d4.cache-3
6a501000-6a504000 r--s 00000000 08:05 137152     /var/cache/fontconfig/2cd17615ca594fa2959ae173292e504c-le32d4.cache-3
6a504000-6a505000 r--s 00000000 08:05 137149     /var/cache/fontconfig/e7071f4a29fa870f4323321c154eba04-le32d4.cache-3
6a505000-6a506000 r--s 00000000 08:05 137148     /var/cache/fontconfig/0d8c3b2ac0904cb8a57a757ad11a4a08-le32d4.cache-3
6a506000-6a50a000 r--s 00000000 08:05 137147     /var/cache/fontconfig/a755afe4a08bf5b97852ceb7400b47bc-le32d4.cache-3
6a50a000-6a50b000 r--s 00000000 08:05 137130     /var/cache/fontconfig/b95bc8ffbebda2bbdae4265e45b8178d-le32d4.cache-3
6a50b000-6a50e000 r--s 00000000 08:05 137129     /var/cache/fontconfig/385c0604a188198f04d133e54aba7fe7-le32d4.cache-3
6a50e000-6a50f000 r--s 00000000 08:05 137128     /var/cache/fontconfig/9c956a7723ca69a44b382d9179c9802f-le32d4.cache-3
6a50f000-6a510000 r--s 00000000 08:05 137106     /var/cache/fontconfig/b9d506c9ac06c20b433354fa67a72993-le32d4.cache-3
6a510000-6a516000 r--s 00000000 08:05 137098     /var/cache/fontconfig/52f7bdb7ce746bfd7eaa1985bd9cfa93-le32d4.cache-3
6a516000-6a518000 r--s 00000000 08:05 137097     /var/cache/fontconfig/e49e89034d371f0f9de17aab02136486-le32d4.cache-3
6a518000-6a519000 r--s 00000000 08:05 137096     /var/cache/fontconfig/4b14b093aebc79c320de5e86ae1d3314-le32d4.cache-3
6a519000-6a51a000 r--s 00000000 08:05 137095     /var/cache/fontconfig/8aec10f4cc8391dcef22ca549f1e4354-le32d4.cache-3
6a51a000-6a527000 r--s 00000000 08:05 137093     /var/cache/fontconfig/d52a8644073d54c13679302ca1180695-le32d4.cache-3
6a527000-6a52b000 r--s 00000000 08:05 137091     /var/cache/fontconfig/3f7329c5293ffd510edef78f73874cfd-le32d4.cache-3
6a52b000-6a52c000 r--s 00000000 08:05 137090     /var/cache/fontconfig/ac2cf712d852da827a87a9baf682f5b9-le32d4.cache-3
6a52c000-6a52e000 r--s 00000000 08:05 137089     /var/cache/fontconfig/65f976e5259cbe6dc7697b8648396239-le32d4.cache-3
6a52e000-6a52f000 r--s 00000000 08:05 137087     /var/cache/fontconfig/845c20fd2c4814bcec78e05d37a63ccc-le32d4.cache-3
6a52f000-6a530000 r--s 00000000 08:05 137075     /var/cache/fontconfig/e7de81b01590fb7e12b38e274e17d0db-le32d4.cache-3
6a530000-6a532000 r--s 00000000 08:05 137073     /var/cache/fontconfig/67709b7835c0f764c1135060c9575660-le32d4.cache-3
6a532000-6a53f000 r--s 00000000 08:05 134315     /var/cache/fontconfig/e13b20fdb08344e0e664864cc2ede53d-le32d4.cache-3
6a53f000-6a542000 r--s 00000000 08:05 134351     /var/cache/fontconfig/7ef2298fde41cc6eeb7af42e48b7d293-le32d4.cache-3
6a542000-6a543000 r--s 00000000 00:14 4722768    /home/boris/.fontconfig/fd9ad962d390f368992e3986206b79c0-le32d4.cache-3
6a543000-6a57d000 r-xp 00000000 08:05 1591174    /usr/lib/jvm/java-6-openjdk-i386/jre/lib/i386/libfontmanager.so
6a57d000-6a57e000 r--p 00039000 08:05 1591174    /usr/lib/jvm/java-6-openjdk-i386/jre/lib/i386/libfontmanager.so
6a57e000-6a57f000 rw-p 0003a000 08:05 1591174    /usr/lib/jvm/java-6-openjdk-i386/jre/lib/i386/libfontmanager.so
6a57f000-6a580000 ---p 00000000 00:00 0 
6a580000-6a600000 rw-p 00000000 00:00 0 
6a600000-6a621000 rw-p 00000000 00:00 0 
6a621000-6a700000 ---p 00000000 00:00 0 
6a700000-6a701000 r--s 00000000 08:05 137119     /var/cache/fontconfig/5d1cca7074f29429a8d18692746c2426-le32d4.cache-3
6a701000-6a704000 r--s 00000000 08:05 137114     /var/cache/fontconfig/8801497958630a81b71ace7c5f9b32a8-le32d4.cache-3
6a704000-6a708000 r--s 00000000 08:05 137103     /var/cache/fontconfig/b47c4e1ecd0709278f4910c18777a504-le32d4.cache-3
6a708000-6a70e000 r--s 00000000 08:05 137098     /var/cache/fontconfig/52f7bdb7ce746bfd7eaa1985bd9cfa93-le32d4.cache-3
6a70e000-6a72d000 r-xp 00000000 08:05 1575065    /usr/lib/i386-linux-gnu/libxcb.so.1.1.0
6a72d000-6a72e000 r--p 0001f000 08:05 1575065    /usr/lib/i386-linux-gnu/libxcb.so.1.1.0
6a72e000-6a72f000 rw-p 00020000 08:05 1575065    /usr/lib/i386-linux-gnu/libxcb.so.1.1.0
6a72f000-6a77b000 r-xp 00000000 08:05 1579796    /usr/lib/jvm/java-6-openjdk-i386/jre/lib/i386/xawt/libmawt.so
6a77b000-6a77c000 r--p 0004b000 08:05 1579796    /usr/lib/jvm/java-6-openjdk-i386/jre/lib/i386/xawt/libmawt.so
6a77c000-6a77e000 rw-p 0004c000 08:05 1579796    /usr/lib/jvm/java-6-openjdk-i386/jre/lib/i386/xawt/libmawt.so
6a77e000-6a77f000 rw-p 00000000 00:00 0 
6a77f000-6a780000 ---p 00000000 00:00 0 
6a780000-6a800000 rw-p 00000000 00:00 0 
6a800000-6a821000 rw-p 00000000 00:00 0 
6a821000-6a900000 ---p 00000000 00:00 0 
6a900000-6a901000 r--s 00000000 08:05 137117     /var/cache/fontconfig/4794a0821666d79190d59a36cb4f44b5-le32d4.cache-3
6a901000-6a905000 r--s 00000000 08:05 137109     /var/cache/fontconfig/3047814df9a2f067bd2d96a2b9c36e5a-le32d4.cache-3
6a905000-6a912000 r--s 00000000 08:05 137093     /var/cache/fontconfig/d52a8644073d54c13679302ca1180695-le32d4.cache-3
6a912000-6a916000 r--s 00000000 08:05 137091     /var/cache/fontconfig/3f7329c5293ffd510edef78f73874cfd-le32d4.cache-3
6a916000-6a97d000 r-xp 00000000 08:05 525018     /tmp/libgdxboris/553733341/libgdx.so
6a97d000-6a97e000 r--p 00066000 08:05 525018     /tmp/libgdxboris/553733341/libgdx.so
6a97e000-6a97f000 rw-p 00067000 08:05 525018     /tmp/libgdxboris/553733341/libgdx.so
6a97f000-6a980000 ---p 00000000 00:00 0 
6a980000-6aa00000 rw-p 00000000 00:00 0 
6aa00000-6aa21000 rw-p 00000000 00:00 0 
6aa21000-6ab00000 ---p 00000000 00:00 0 
6ab00000-6ab02000 r--s 00000000 08:05 137115     /var/cache/fontconfig/bf2c1853a9e9b00bb02fe2e9bcf1e201-le32d4.cache-3
6ab02000-6ab07000 r-xp 00000000 08:05 1575041    /usr/lib/i386-linux-gnu/libXdmcp.so.6.0.0
6ab07000-6ab08000 r--p 00004000 08:05 1575041    /usr/lib/i386-linux-gnu/libXdmcp.so.6.0.0
6ab08000-6ab09000 rw-p 00005000 08:05 1575041    /usr/lib/i386-linux-gnu/libXdmcp.so.6.0.0
6ab09000-6ab0b000 r-xp 00000000 08:05 1575037    /usr/lib/i386-linux-gnu/libXau.so.6.0.0
6ab0b000-6ab0c000 r--p 00001000 08:05 1575037    /usr/lib/i386-linux-gnu/libXau.so.6.0.0
6ab0c000-6ab0d000 rw-p 00002000 08:05 1575037    /usr/lib/i386-linux-gnu/libXau.so.6.0.0
6ab0d000-6ab1b000 r-xp 00000000 08:05 1588828    /usr/lib/i386-linux-gnu/libXi.so.6.1.0
6ab1b000-6ab1c000 r--p 0000d000 08:05 1588828    /usr/lib/i386-linux-gnu/libXi.so.6.1.0
6ab1c000-6ab1d000 rw-p 0000e000 08:05 1588828    /usr/lib/i386-linux-gnu/libXi.so.6.1.0
6ab1d000-6ab22000 r-xp 00000000 08:05 1578087    /usr/lib/i386-linux-gnu/libXtst.so.6.1.0
6ab22000-6ab23000 r--p 00004000 08:05 1578087    /usr/lib/i386-linux-gnu/libXtst.so.6.1.0
6ab23000-6ab24000 rw-p 00005000 08:05 1578087    /usr/lib/i386-linux-gnu/libXtst.so.6.1.0
6ab24000-6ab2c000 r-xp 00000000 08:05 1575071    /usr/lib/i386-linux-gnu/libXrender.so.1.3.0
6ab2c000-6ab2d000 r--p 00007000 08:05 1575071    /usr/lib/i386-linux-gnu/libXrender.so.1.3.0
6ab2d000-6ab2e000 rw-p 00008000 08:05 1575071    /usr/lib/i386-linux-gnu/libXrender.so.1.3.0
6ab2e000-6ab31000 ---p 00000000 00:00 0 
6ab31000-6ab7f000 rw-p 00000000 00:00 0 
6ab7f000-6ab80000 ---p 00000000 00:00 0 
6ab80000-6ac00000 rw-p 00000000 00:00 0 
6ac00000-6ac21000 rw-p 00000000 00:00 0 
6ac21000-6ad00000 ---p 00000000 00:00 0 
6ad00000-6ad21000 rw-p 00000000 00:00 0 
6ad21000-6ae00000 ---p 00000000 00:00 0 
6ae00000-6ae01000 r--s 00000000 08:05 137116     /var/cache/fontconfig/9eae20f1ff8cc0a7d125749e875856bd-le32d4.cache-3
6ae01000-6ae02000 r--s 00000000 08:05 137107     /var/cache/fontconfig/56cf4f4769d0f4abc89a4895d7bd3ae1-le32d4.cache-3
6ae02000-6ae03000 r--s 00000000 08:05 137106     /var/cache/fontconfig/b9d506c9ac06c20b433354fa67a72993-le32d4.cache-3
6ae03000-6ae13000 r-xp 00000000 08:05 1588816    /usr/lib/i386-linux-gnu/libXext.so.6.4.0
6ae13000-6ae14000 r--p 0000f000 08:05 1588816    /usr/lib/i386-linux-gnu/libXext.so.6.4.0
6ae14000-6ae15000 rw-p 00010000 08:05 1588816    /usr/lib/i386-linux-gnu/libXext.so.6.4.0
6ae15000-6ae17000 r--s 00000000 08:05 137097     /var/cache/fontconfig/e49e89034d371f0f9de17aab02136486-le32d4.cache-3
6ae17000-6ae18000 r--s 00000000 08:05 137090     /var/cache/fontconfig/ac2cf712d852da827a87a9baf682f5b9-le32d4.cache-3
6ae18000-6ae1a000 r--s 00000000 08:05 137089     /var/cache/fontconfig/65f976e5259cbe6dc7697b8648396239-le32d4.cache-3
6ae1a000-6ae1b000 r--s 00000000 08:05 137087     /var/cache/fontconfig/845c20fd2c4814bcec78e05d37a63ccc-le32d4.cache-3
6ae1b000-6ae1c000 r--s 00000000 08:05 137075     /var/cache/fontconfig/e7de81b01590fb7e12b38e274e17d0db-le32d4.cache-3
6ae1c000-6ae1e000 r--s 00000000 08:05 137073     /var/cache/fontconfig/67709b7835c0f764c1135060c9575660-le32d4.cache-3
6ae1e000-6ae2b000 r--s 00000000 08:05 134315     /var/cache/fontconfig/e13b20fdb08344e0e664864cc2ede53d-le32d4.cache-3
6ae2b000-6ae2e000 r--s 00000000 08:05 134351     /var/cache/fontconfig/7ef2298fde41cc6eeb7af42e48b7d293-le32d4.cache-3
6ae2e000-6ae31000 ---p 00000000 00:00 0 
6ae31000-6ae7f000 rw-p 00000000 00:00 0 
6ae7f000-6ae80000 ---p 00000000 00:00 0 
6ae80000-6af00000 rw-p 00000000 00:00 0 
6af00000-6af21000 rw-p 00000000 00:00 0 
6af21000-6b000000 ---p 00000000 00:00 0 
6b000000-6b001000 r--s 00000000 08:05 137096     /var/cache/fontconfig/4b14b093aebc79c320de5e86ae1d3314-le32d4.cache-3
6b001000-6b002000 r--s 00000000 08:05 137095     /var/cache/fontconfig/8aec10f4cc8391dcef22ca549f1e4354-le32d4.cache-3
6b002000-6b005000 r--s 0007d000 08:05 1590457    /usr/lib/jvm/java-6-openjdk-common/jre/lib/jsse.jar
6b005000-6b014000 r--s 000e8000 00:14 524889     /home/boris/programmation/Snakevolution/Snakevolution/libs/gdx.jar
6b014000-6b027000 r--s 0013c000 00:14 524900     /home/boris/programmation/Snakevolution/Snakevolution-desktop/libs/gdx-backend-lwjgl.jar
6b027000-6b028000 ---p 00000000 00:00 0 
6b028000-6b0a8000 rw-p 00000000 00:00 0 
6b0a8000-6b0a9000 ---p 00000000 00:00 0 
6b0a9000-6b131000 rw-p 00000000 00:00 0 
6b131000-6b169000 rw-p 00000000 00:00 0 
6b169000-6b17f000 rw-p 00000000 00:00 0 
6b17f000-6b2bf000 rw-p 00000000 00:00 0 
6b2bf000-6b2c7000 rw-p 00000000 00:00 0 
6b2c7000-6b2ff000 rw-p 00000000 00:00 0 
6b2ff000-6b315000 rw-p 00000000 00:00 0 
6b315000-6b454000 rw-p 00000000 00:00 0 
6b454000-6b45e000 rw-p 00000000 00:00 0 
6b45e000-6b45f000 ---p 00000000 00:00 0 
6b45f000-6b4ff000 rw-p 00000000 00:00 0 
6b4ff000-6c500000 rw-p 00000000 00:00 0 
6c500000-73500000 rw-p 00000000 00:00 0 
73500000-75fb0000 rw-p 00000000 00:00 0 
75fb0000-9dfb0000 rw-p 00000000 00:00 0 
9dfb0000-9f2a0000 rw-p 00000000 00:00 0 
9f2a0000-9f500000 ---p 00000000 00:00 0 
9f500000-b3500000 rw-p 00000000 00:00 0 
b3500000-b3501000 r--s 00000000 00:14 4722768    /home/boris/.fontconfig/fd9ad962d390f368992e3986206b79c0-le32d4.cache-3
b3501000-b3508000 r--s 000fb000 08:05 1575784    /usr/lib/jvm/java-6-openjdk-common/jre/lib/resources.jar
b3508000-b3509000 r--s 00127000 00:14 524899     /home/boris/programmation/Snakevolution/Snakevolution-desktop/libs/gdx-natives.jar
b3509000-b350a000 r--s 0014e000 00:14 524901     /home/boris/programmation/Snakevolution/Snakevolution-desktop/libs/gdx-backend-lwjgl-natives.jar
b350a000-b350d000 r--s 00031000 08:05 1575756    /usr/lib/jvm/java-6-openjdk-common/jre/lib/ext/sunjce_provider.jar
b350d000-b3516000 rw-p 00000000 00:00 0 
b3516000-b35cd000 rw-p 00000000 00:00 0 
b35cd000-b380d000 rwxp 00000000 00:00 0 
b380d000-b65cd000 rw-p 00000000 00:00 0 
b65cd000-b65d8000 r-xp 00000000 08:05 397465     /lib/i386-linux-gnu/libnss_files-2.15.so
b65d8000-b65d9000 r--p 0000a000 08:05 397465     /lib/i386-linux-gnu/libnss_files-2.15.so
b65d9000-b65da000 rw-p 0000b000 08:05 397465     /lib/i386-linux-gnu/libnss_files-2.15.so
b65da000-b65e4000 r-xp 00000000 08:05 397467     /lib/i386-linux-gnu/libnss_nis-2.15.so
b65e4000-b65e5000 r--p 00009000 08:05 397467     /lib/i386-linux-gnu/libnss_nis-2.15.so
b65e5000-b65e6000 rw-p 0000a000 08:05 397467     /lib/i386-linux-gnu/libnss_nis-2.15.so
b65e6000-b65fc000 r-xp 00000000 08:05 397462     /lib/i386-linux-gnu/libnsl-2.15.so
b65fc000-b65fd000 r--p 00015000 08:05 397462     /lib/i386-linux-gnu/libnsl-2.15.so
b65fd000-b65fe000 rw-p 00016000 08:05 397462     /lib/i386-linux-gnu/libnsl-2.15.so
b65fe000-b6600000 rw-p 00000000 00:00 0 
b6600000-b66ff000 rw-p 00000000 00:00 0 
b66ff000-b6700000 ---p 00000000 00:00 0 
b6700000-b6702000 r--s 0000f000 08:05 1575748    /usr/lib/jvm/java-6-openjdk-common/jre/lib/ext/pulse-java.jar
b6702000-b6705000 r--s 00077000 08:05 1575758    /usr/lib/jvm/java-6-openjdk-common/jre/lib/ext/localedata.jar
b6705000-b6706000 r--s 00007000 08:05 1967875    /usr/share/java/java-atk-wrapper.jar
b6706000-b670a000 r--s 00038000 08:05 1575760    /usr/lib/jvm/java-6-openjdk-common/jre/lib/ext/sunpkcs11.jar
b670a000-b670c000 r--s 00001000 08:05 1575777    /usr/lib/jvm/java-6-openjdk-common/jre/lib/ext/dnsns.jar
b670c000-b670d000 r--p 002cc000 08:05 1572991    /usr/lib/locale/locale-archive
b670d000-b6714000 r-xp 00000000 08:05 1591112    /usr/lib/jvm/java-6-openjdk-i386/jre/lib/i386/libzip.so
b6714000-b6715000 r--p 00006000 08:05 1591112    /usr/lib/jvm/java-6-openjdk-i386/jre/lib/i386/libzip.so
b6715000-b6716000 rw-p 00007000 08:05 1591112    /usr/lib/jvm/java-6-openjdk-i386/jre/lib/i386/libzip.so
b6716000-b671e000 rw-s 00000000 08:05 525246     /tmp/hsperfdata_boris/5066
b671e000-b6744000 r-xp 00000000 08:05 1591109    /usr/lib/jvm/java-6-openjdk-i386/jre/lib/i386/libjava.so
b6744000-b6745000 r--p 00025000 08:05 1591109    /usr/lib/jvm/java-6-openjdk-i386/jre/lib/i386/libjava.so
b6745000-b6747000 rw-p 00026000 08:05 1591109    /usr/lib/jvm/java-6-openjdk-i386/jre/lib/i386/libjava.so
b6747000-b674e000 r-xp 00000000 08:05 397472     /lib/i386-linux-gnu/librt-2.15.so
b674e000-b674f000 r--p 00006000 08:05 397472     /lib/i386-linux-gnu/librt-2.15.so
b674f000-b6750000 rw-p 00007000 08:05 397472     /lib/i386-linux-gnu/librt-2.15.so
b6750000-b6753000 ---p 00000000 00:00 0 
b6753000-b67a1000 rw-p 00000000 00:00 0 
b67a1000-b67bd000 r-xp 00000000 08:05 394148     /lib/i386-linux-gnu/libgcc_s.so.1
b67bd000-b67be000 r--p 0001b000 08:05 394148     /lib/i386-linux-gnu/libgcc_s.so.1
b67be000-b67bf000 rw-p 0001c000 08:05 394148     /lib/i386-linux-gnu/libgcc_s.so.1
b67bf000-b67e9000 r-xp 00000000 08:05 397460     /lib/i386-linux-gnu/libm-2.15.so
b67e9000-b67ea000 r--p 00029000 08:05 397460     /lib/i386-linux-gnu/libm-2.15.so
b67ea000-b67eb000 rw-p 0002a000 08:05 397460     /lib/i386-linux-gnu/libm-2.15.so
b67eb000-b68c3000 r-xp 00000000 08:05 1573217    /usr/lib/i386-linux-gnu/libstdc++.so.6.0.16
b68c3000-b68c4000 ---p 000d8000 08:05 1573217    /usr/lib/i386-linux-gnu/libstdc++.so.6.0.16
b68c4000-b68c8000 r--p 000d8000 08:05 1573217    /usr/lib/i386-linux-gnu/libstdc++.so.6.0.16
b68c8000-b68c9000 rw-p 000dc000 08:05 1573217    /usr/lib/i386-linux-gnu/libstdc++.so.6.0.16
b68c9000-b68d0000 rw-p 00000000 00:00 0 
b68d0000-b70ee000 r-xp 00000000 08:05 1591156    /usr/lib/jvm/java-6-openjdk-i386/jre/lib/i386/server/libjvm.so
b70ee000-b7133000 r--p 0081e000 08:05 1591156    /usr/lib/jvm/java-6-openjdk-i386/jre/lib/i386/server/libjvm.so
b7133000-b7142000 rw-p 00863000 08:05 1591156    /usr/lib/jvm/java-6-openjdk-i386/jre/lib/i386/server/libjvm.so
b7142000-b755e000 rw-p 00000000 00:00 0 
b755e000-b7572000 r-xp 00000000 08:05 393348     /lib/i386-linux-gnu/libz.so.1.2.3.4
b7572000-b7573000 r--p 00013000 08:05 393348     /lib/i386-linux-gnu/libz.so.1.2.3.4
b7573000-b7574000 rw-p 00014000 08:05 393348     /lib/i386-linux-gnu/libz.so.1.2.3.4
b7574000-b7713000 r-xp 00000000 08:05 397456     /lib/i386-linux-gnu/libc-2.15.so
b7713000-b7715000 r--p 0019f000 08:05 397456     /lib/i386-linux-gnu/libc-2.15.so
b7715000-b7716000 rw-p 001a1000 08:05 397456     /lib/i386-linux-gnu/libc-2.15.so
b7716000-b7719000 rw-p 00000000 00:00 0 
b7719000-b771c000 r-xp 00000000 08:05 397459     /lib/i386-linux-gnu/libdl-2.15.so
b771c000-b771d000 r--p 00002000 08:05 397459     /lib/i386-linux-gnu/libdl-2.15.so
b771d000-b771e000 rw-p 00003000 08:05 397459     /lib/i386-linux-gnu/libdl-2.15.so
b771e000-b7722000 r-xp 00000000 08:05 1591169    /usr/lib/jvm/java-6-openjdk-i386/jre/lib/i386/jli/libjli.so
b7722000-b7723000 r--p 00003000 08:05 1591169    /usr/lib/jvm/java-6-openjdk-i386/jre/lib/i386/jli/libjli.so
b7723000-b7724000 rw-p 00004000 08:05 1591169    /usr/lib/jvm/java-6-openjdk-i386/jre/lib/i386/jli/libjli.so
b7724000-b7725000 rw-p 00000000 00:00 0 
b7725000-b773c000 r-xp 00000000 08:05 397470     /lib/i386-linux-gnu/libpthread-2.15.so
b773c000-b773d000 r--p 00016000 08:05 397470     /lib/i386-linux-gnu/libpthread-2.15.so
b773d000-b773e000 rw-p 00017000 08:05 397470     /lib/i386-linux-gnu/libpthread-2.15.so
b773e000-b7740000 rw-p 00000000 00:00 0 
b7740000-b7747000 r-xp 00000000 08:05 397463     /lib/i386-linux-gnu/libnss_compat-2.15.so
b7747000-b7748000 r--p 00006000 08:05 397463     /lib/i386-linux-gnu/libnss_compat-2.15.so
b7748000-b7749000 rw-p 00007000 08:05 397463     /lib/i386-linux-gnu/libnss_compat-2.15.so
b7749000-b774a000 rw-p 00000000 00:00 0 
b774a000-b774b000 r--p 00000000 00:00 0 
b774b000-b7756000 r-xp 00000000 08:05 1591176    /usr/lib/jvm/java-6-openjdk-i386/jre/lib/i386/libverify.so
b7756000-b7757000 ---p 0000b000 08:05 1591176    /usr/lib/jvm/java-6-openjdk-i386/jre/lib/i386/libverify.so
b7757000-b7758000 r--p 0000b000 08:05 1591176    /usr/lib/jvm/java-6-openjdk-i386/jre/lib/i386/libverify.so
b7758000-b7759000 rw-p 0000c000 08:05 1591176    /usr/lib/jvm/java-6-openjdk-i386/jre/lib/i386/libverify.so
b7759000-b775b000 rw-p 00000000 00:00 0 
b775b000-b775c000 r-xp 00000000 00:00 0          [vdso]
b775c000-b777c000 r-xp 00000000 08:05 393276     /lib/i386-linux-gnu/ld-2.15.so
b777c000-b777d000 r--p 0001f000 08:05 393276     /lib/i386-linux-gnu/ld-2.15.so
b777d000-b777e000 rw-p 00020000 08:05 393276     /lib/i386-linux-gnu/ld-2.15.so
bf873000-bf894000 rw-p 00000000 00:00 0          [stack]

VM Arguments:
jvm_args: -Dfile.encoding=UTF-8 
java_command: com.me.snakevolution.Main
Launcher Type: SUN_STANDARD

Environment Variables:
PATH=/usr/lib/lightdm/lightdm:/usr/local/sbin:/usr/local/bin:/usr/sbin:/usr/bin:/sbin:/bin:/usr/games
LD_LIBRARY_PATH=/usr/lib/jvm/java-6-openjdk-i386/jre/lib/i386/server:/usr/lib/jvm/java-6-openjdk-i386/jre/lib/i386:/usr/lib/jvm/java-6-openjdk-i386/jre/../lib/i386:/usr/lib/jvm/java-6-openjdk-i386/jre/lib/i386/client:/usr/lib/jvm/java-6-openjdk-i386/jre/lib/i386:
SHELL=/bin/bash
DISPLAY=:0.0

Signal Handlers:
SIGSEGV: [libjvm.so+0x66a270], sa_mask[0]=0x7ffbfeff, sa_flags=0x10000004
SIGBUS: [libjvm.so+0x66a270], sa_mask[0]=0x7ffbfeff, sa_flags=0x10000004
SIGFPE: [libjvm.so+0x52e160], sa_mask[0]=0x7ffbfeff, sa_flags=0x10000004
SIGPIPE: [libjvm.so+0x52e160], sa_mask[0]=0x7ffbfeff, sa_flags=0x10000004
SIGXFSZ: [libjvm.so+0x52e160], sa_mask[0]=0x7ffbfeff, sa_flags=0x10000004
SIGILL: [libjvm.so+0x52e160], sa_mask[0]=0x7ffbfeff, sa_flags=0x10000004
SIGUSR1: SIG_DFL, sa_mask[0]=0x00000000, sa_flags=0x00000000
SIGUSR2: [libjvm.so+0x52dff0], sa_mask[0]=0x00000004, sa_flags=0x10000004
SIGHUP: [libjvm.so+0x531090], sa_mask[0]=0x7ffbfeff, sa_flags=0x10000004
SIGINT: [libjvm.so+0x531090], sa_mask[0]=0x7ffbfeff, sa_flags=0x10000004
SIGTERM: [libjvm.so+0x531090], sa_mask[0]=0x7ffbfeff, sa_flags=0x10000004
SIGQUIT: [libjvm.so+0x531090], sa_mask[0]=0x7ffbfeff, sa_flags=0x10000004


---------------  S Y S T E M  ---------------

OS:Ubuntu 12.04 (precise)
uname:Linux 3.2.0-29-generic-pae #46-Ubuntu SMP Fri Jul 27 17:25:43 UTC 2012 i686
libc:glibc 2.15 NPTL 2.15 
rlimit: STACK 8192k, CORE 0k, NPROC 64292, NOFILE 4096, AS infinity
load average:0.37 0.33 0.30

/proc/meminfo:
MemTotal:        8249572 kB
MemFree:         5286540 kB
Buffers:          507216 kB
Cached:          1101756 kB
SwapCached:            0 kB
Active:          1585128 kB
Inactive:        1247180 kB
Active(anon):    1224128 kB
Inactive(anon):     2748 kB
Active(file):     361000 kB
Inactive(file):  1244432 kB
Unevictable:           0 kB
Mlocked:               0 kB
HighTotal:       7451932 kB
HighFree:        5102876 kB
LowTotal:         797640 kB
LowFree:          183664 kB
SwapTotal:             0 kB
SwapFree:              0 kB
Dirty:               220 kB
Writeback:             0 kB
AnonPages:       1223880 kB
Mapped:           190356 kB
Shmem:              3656 kB
Slab:              65272 kB
SReclaimable:      37632 kB
SUnreclaim:        27640 kB
KernelStack:        3736 kB
PageTables:         8124 kB
NFS_Unstable:          0 kB
Bounce:                0 kB
WritebackTmp:          0 kB
CommitLimit:     4124784 kB
Committed_AS:    3128384 kB
VmallocTotal:     122880 kB
VmallocUsed:       54460 kB
VmallocChunk:      57844 kB
HardwareCorrupted:     0 kB
AnonHugePages:         0 kB
HugePages_Total:       0
HugePages_Free:        0
HugePages_Rsvd:        0
HugePages_Surp:        0
Hugepagesize:       2048 kB
DirectMap4k:       90104 kB
DirectMap2M:      823296 kB


CPU:total 8 (4 cores per cpu, 2 threads per core) family 6 model 42 stepping 7, cmov, cx8, fxsr, mmx, sse, sse2, sse3, ssse3, sse4.1, sse4.2, popcnt, ht

Memory: 4k page, physical 8249572k(5286540k free), swap 0k(0k free)

vm_info: OpenJDK Server VM (20.0-b12) for linux-x86 JRE (1.6.0_24-b24), built on Jun 26 2012 22:36:29 by "buildd" with gcc 4.6.3

time: Tue Aug 28 17:13:25 2012
elapsed time: 77 seconds

